2024-07-05 14:33:28 - [34minfo[39m: [34mServer running on port 3000[39m
2024-07-05 14:33:33 - [34minfo[39m: [34mServer running on port 3000[39m
2024-07-05 14:35:43 - [34minfo[39m: [34mServer running on port 3000[39m
2024-07-05 14:35:48 - [34minfo[39m: [34mServer running on port 3000[39m
2024-07-05 14:35:51 - [34minfo[39m: [34mConectou ao banco com sucesso[39m
2024-07-05 14:35:51 - [34minfo[39m: [34mServer running on port 3000[39m
2024-07-05 14:36:04 - [34minfo[39m: [34mConectou ao banco com sucesso[39m
2024-07-05 14:36:04 - [34minfo[39m: [34mServer running on port 3000[39m
2024-07-05 14:36:52 - [34minfo[39m: [34mConectou ao banco com sucesso[39m
2024-07-05 14:36:52 - [34minfo[39m: [34mServer running on port 3000[39m
2024-07-05 14:37:30 - [31merror[39m: [31mNão foi possível conectar ao banco[39m
2024-07-05 14:37:34 - [34minfo[39m: [34mConectou ao banco com sucesso[39m
2024-07-05 14:37:34 - [34minfo[39m: [34mServer running on port 3000[39m
2024-07-05 14:37:46 - [34minfo[39m: [34mConectou ao banco com sucesso[39m
2024-07-05 14:37:46 - [34minfo[39m: [34mServer running on port 3000[39m
2024-07-05 14:46:10 - [34minfo[39m: [34mConectou ao banco com sucesso[39m
2024-07-05 14:46:10 - [34minfo[39m: [34mServer running on port 3000[39m
2024-07-05 14:46:22 - [34minfo[39m: [34mConectou ao banco com sucesso[39m
2024-07-05 14:46:22 - [34minfo[39m: [34mServer running on port 3000[39m
2024-07-05 14:46:25 - [34minfo[39m: [34mConectou ao banco com sucesso[39m
2024-07-05 14:46:25 - [34minfo[39m: [34mServer running on port 3000[39m
2024-07-05 14:46:31 - [34minfo[39m: [34mConectou ao banco com sucesso[39m
2024-07-05 14:46:31 - [34minfo[39m: [34mServer running on port 3000[39m
2024-07-05 14:46:42 - [34minfo[39m: [34mConectou ao banco com sucesso[39m
2024-07-05 14:46:42 - [34minfo[39m: [34mServer running on port 3000[39m
2024-07-05 14:46:49 - [34minfo[39m: [34mConectou ao banco com sucesso[39m
2024-07-05 14:46:49 - [34minfo[39m: [34mServer running on port 3000[39m
2024-07-05 14:47:18 - [34minfo[39m: [34mConectou ao banco com sucesso[39m
2024-07-05 14:47:18 - [34minfo[39m: [34mServer running on port 3000[39m
2024-07-05 14:47:45 - [34minfo[39m: [34mConectou ao banco com sucesso[39m
2024-07-05 14:47:45 - [34minfo[39m: [34mServer running on port 3000[39m
2024-07-05 14:47:48 - [34minfo[39m: [34mConectou ao banco com sucesso[39m
2024-07-05 14:47:48 - [34minfo[39m: [34mServer running on port 3000[39m
2024-07-05 14:47:51 - [34minfo[39m: [34mConectou ao banco com sucesso[39m
2024-07-05 14:47:51 - [34minfo[39m: [34mServer running on port 3000[39m
2024-07-05 14:48:18 - [34minfo[39m: [34mConectou ao banco com sucesso[39m
2024-07-05 14:48:18 - [34minfo[39m: [34mServer running on port 3000[39m
2024-07-05 14:48:21 - [34minfo[39m: [34mConectou ao banco com sucesso[39m
2024-07-05 14:48:21 - [34minfo[39m: [34mServer running on port 3000[39m
2024-07-05 14:48:25 - [34minfo[39m: [34mConectou ao banco com sucesso[39m
2024-07-05 14:48:25 - [34minfo[39m: [34mServer running on port 3000[39m
2024-07-05 14:48:28 - [34minfo[39m: [34mConectou ao banco com sucesso[39m
2024-07-05 14:48:28 - [34minfo[39m: [34mServer running on port 3000[39m
2024-07-05 14:48:56 - [34minfo[39m: [34mConectou ao banco com sucesso[39m
2024-07-05 14:48:56 - [34minfo[39m: [34mServer running on port 3000[39m
2024-07-05 14:49:43 - [34minfo[39m: [34mConectou ao banco com sucesso[39m
2024-07-05 14:49:44 - [34minfo[39m: [34mServer running on port 3000[39m
2024-07-05 14:49:47 - [34minfo[39m: [34mConectou ao banco com sucesso[39m
2024-07-05 14:49:47 - [34minfo[39m: [34mServer running on port 3000[39m
2024-07-05 14:49:49 - [34minfo[39m: [34mConectou ao banco com sucesso[39m
2024-07-05 14:49:49 - [34minfo[39m: [34mServer running on port 3000[39m
2024-07-05 14:49:54 - [34minfo[39m: [34mConectou ao banco com sucesso[39m
2024-07-05 14:49:54 - [34minfo[39m: [34mServer running on port 3000[39m
2024-07-05 14:51:28 - [34minfo[39m: [34mConectou ao banco com sucesso[39m
2024-07-05 14:51:28 - [34minfo[39m: [34mServer running on port 3000[39m
2024-07-05 14:51:34 - [32mhttp[39m: [32mGET /api/test : status 12 - 1.848 ms[39m
[32m[39m
2024-07-05 14:52:02 - [32mhttp[39m: [32mGET / : status 139 - 1.423 ms[39m
[32m[39m
2024-07-05 15:10:05 - [34minfo[39m: [34mConectou ao banco com sucesso[39m
2024-07-05 15:10:05 - [34minfo[39m: [34mServer running on port 3000[39m
2024-07-05 15:14:08 - [34minfo[39m: [34mConectou ao banco com sucesso[39m
2024-07-05 15:14:08 - [34minfo[39m: [34mServer running on port 3000[39m
2024-07-05 15:14:13 - [34minfo[39m: [34mConectou ao banco com sucesso[39m
2024-07-05 15:14:13 - [34minfo[39m: [34mServer running on port 3000[39m
2024-07-05 15:14:16 - [34minfo[39m: [34mConectou ao banco com sucesso[39m
2024-07-05 15:14:16 - [34minfo[39m: [34mServer running on port 3000[39m
2024-07-05 15:14:51 - [34minfo[39m: [34mConectou ao banco com sucesso[39m
2024-07-05 15:14:51 - [34minfo[39m: [34mServer running on port 3000[39m
2024-07-05 15:16:22 - [32mhttp[39m: [32mPOST /api//movie : status 22 - 1.772 ms[39m
[32m[39m
2024-07-05 15:17:15 - [34minfo[39m: [34mConectou ao banco com sucesso[39m
2024-07-05 15:17:15 - [34minfo[39m: [34mServer running on port 3000[39m
2024-07-05 15:17:19 - [34minfo[39m: [34mConectou ao banco com sucesso[39m
2024-07-05 15:17:19 - [34minfo[39m: [34mServer running on port 3000[39m
2024-07-05 15:17:55 - [34minfo[39m: [34mConectou ao banco com sucesso[39m
2024-07-05 15:17:55 - [34minfo[39m: [34mServer running on port 3000[39m
2024-07-05 15:17:57 - [34minfo[39m: [34mConectou ao banco com sucesso[39m
2024-07-05 15:17:57 - [34minfo[39m: [34mServer running on port 3000[39m
2024-07-05 15:18:03 - [34minfo[39m: [34mConectou ao banco com sucesso[39m
2024-07-05 15:18:03 - [34minfo[39m: [34mServer running on port 3000[39m
2024-07-05 15:18:06 - [34minfo[39m: [34mConectou ao banco com sucesso[39m
2024-07-05 15:18:06 - [34minfo[39m: [34mServer running on port 3000[39m
2024-07-05 15:18:12 - [34minfo[39m: [34mConectou ao banco com sucesso[39m
2024-07-05 15:18:12 - [34minfo[39m: [34mServer running on port 3000[39m
2024-07-05 15:18:16 - [34minfo[39m: [34mConectou ao banco com sucesso[39m
2024-07-05 15:18:16 - [34minfo[39m: [34mServer running on port 3000[39m
2024-07-05 15:18:29 - [34minfo[39m: [34mConectou ao banco com sucesso[39m
2024-07-05 15:18:29 - [34minfo[39m: [34mServer running on port 3000[39m
2024-07-05 15:18:34 - [34minfo[39m: [34mConectou ao banco com sucesso[39m
2024-07-05 15:18:34 - [34minfo[39m: [34mServer running on port 3000[39m
2024-07-05 15:18:36 - [34minfo[39m: [34mConectou ao banco com sucesso[39m
2024-07-05 15:18:36 - [34minfo[39m: [34mServer running on port 3000[39m
2024-07-05 15:18:39 - [34minfo[39m: [34mConectou ao banco com sucesso[39m
2024-07-05 15:18:39 - [34minfo[39m: [34mServer running on port 3000[39m
2024-07-05 15:19:02 - [34minfo[39m: [34mConectou ao banco com sucesso[39m
2024-07-05 15:19:02 - [34minfo[39m: [34mServer running on port 3000[39m
2024-07-05 15:19:05 - [34minfo[39m: [34mConectou ao banco com sucesso[39m
2024-07-05 15:19:05 - [34minfo[39m: [34mServer running on port 3000[39m
2024-07-05 15:19:08 - [34minfo[39m: [34mConectou ao banco com sucesso[39m
2024-07-05 15:19:08 - [34minfo[39m: [34mServer running on port 3000[39m
2024-07-05 15:19:14 - [34minfo[39m: [34mConectou ao banco com sucesso[39m
2024-07-05 15:19:14 - [34minfo[39m: [34mServer running on port 3000[39m
2024-07-05 15:19:17 - [34minfo[39m: [34mConectou ao banco com sucesso[39m
2024-07-05 15:19:17 - [34minfo[39m: [34mServer running on port 3000[39m
2024-07-05 15:19:22 - [34minfo[39m: [34mConectou ao banco com sucesso[39m
2024-07-05 15:19:22 - [34minfo[39m: [34mServer running on port 3000[39m
2024-07-05 15:19:25 - [34minfo[39m: [34mConectou ao banco com sucesso[39m
2024-07-05 15:19:25 - [34minfo[39m: [34mServer running on port 3000[39m
2024-07-05 15:19:32 - [34minfo[39m: [34mConectou ao banco com sucesso[39m
2024-07-05 15:19:32 - [34minfo[39m: [34mServer running on port 3000[39m
2024-07-05 15:19:35 - [34minfo[39m: [34mConectou ao banco com sucesso[39m
2024-07-05 15:19:35 - [34minfo[39m: [34mServer running on port 3000[39m
2024-07-05 15:19:57 - [34minfo[39m: [34mConectou ao banco com sucesso[39m
2024-07-05 15:19:57 - [34minfo[39m: [34mServer running on port 3000[39m
2024-07-05 15:19:59 - [34minfo[39m: [34mConectou ao banco com sucesso[39m
2024-07-05 15:19:59 - [34minfo[39m: [34mServer running on port 3000[39m
2024-07-05 15:20:04 - [34minfo[39m: [34mConectou ao banco com sucesso[39m
2024-07-05 15:20:04 - [34minfo[39m: [34mServer running on port 3000[39m
2024-07-05 15:21:04 - [31merror[39m: [31mErro no sistema: Movie validation failed: director: Path `director` is required.[39m
2024-07-05 15:21:13 - [32mhttp[39m: [32mPOST /api//movie : status - - - ms[39m
[32m[39m
2024-07-05 15:21:34 - [34minfo[39m: [34mConectou ao banco com sucesso[39m
2024-07-05 15:21:34 - [34minfo[39m: [34mServer running on port 3000[39m
2024-07-05 15:21:36 - [34minfo[39m: [34mConectou ao banco com sucesso[39m
2024-07-05 15:21:36 - [34minfo[39m: [34mServer running on port 3000[39m
2024-07-05 15:21:37 - [34minfo[39m: [34mConectou ao banco com sucesso[39m
2024-07-05 15:21:37 - [34minfo[39m: [34mServer running on port 3000[39m
2024-07-05 15:21:42 - [32mhttp[39m: [32mPOST /api//movie : status 156 - 39.459 ms[39m
[32m[39m
2024-07-05 15:32:44 - [34minfo[39m: [34mConectou ao banco com sucesso[39m
2024-07-05 15:32:44 - [34minfo[39m: [34mServer running on port 3000[39m
2024-07-05 15:33:28 - [34minfo[39m: [34mConectou ao banco com sucesso[39m
2024-07-05 15:33:28 - [34minfo[39m: [34mServer running on port 3000[39m
2024-07-05 15:34:49 - [34minfo[39m: [34mConectou ao banco com sucesso[39m
2024-07-05 15:34:49 - [34minfo[39m: [34mServer running on port 3000[39m
2024-07-05 15:39:02 - [34minfo[39m: [34mConectou ao banco com sucesso[39m
2024-07-05 15:39:02 - [34minfo[39m: [34mServer running on port 3000[39m
2024-07-05 15:39:08 - [34minfo[39m: [34mConectou ao banco com sucesso[39m
2024-07-05 15:39:08 - [34minfo[39m: [34mServer running on port 3000[39m
2024-07-05 15:39:12 - [34minfo[39m: [34mConectou ao banco com sucesso[39m
2024-07-05 15:39:12 - [34minfo[39m: [34mServer running on port 3000[39m
2024-07-05 15:39:17 - [34minfo[39m: [34mConectou ao banco com sucesso[39m
2024-07-05 15:39:17 - [34minfo[39m: [34mServer running on port 3000[39m
2024-07-05 15:39:36 - [34minfo[39m: [34mConectou ao banco com sucesso[39m
2024-07-05 15:39:36 - [34minfo[39m: [34mServer running on port 3000[39m
2024-07-05 15:39:54 - [32mhttp[39m: [32mPOST /api//movie : status 156 - 45.512 ms[39m
[32m[39m
2024-07-05 15:40:17 - [32mhttp[39m: [32mPOST /api//movie : status 156 - 28.116 ms[39m
[32m[39m
2024-07-08 10:10:51 - [34minfo[39m: [34mConectou ao banco com sucesso[39m
2024-07-08 10:10:51 - [34minfo[39m: [34mServer running on port 3000[39m
2024-07-08 10:23:49 - [34minfo[39m: [34mConectou ao banco com sucesso[39m
2024-07-08 10:23:49 - [34minfo[39m: [34mServer running on port 3000[39m
2024-07-08 10:24:25 - [32mhttp[39m: [32mPOST /api//movie 201 143 - 51.682 ms[39m
[32m[39m
2024-07-08 10:24:56 - [32mhttp[39m: [32mPOST /api/movie 201 143 - 29.474 ms[39m
[32m[39m
2024-07-08 10:26:01 - [32mhttp[39m: [32mPOST /api/movie 422 45 - 0.717 ms[39m
[32m[39m
2024-07-08 10:26:41 - [34minfo[39m: [34mConectou ao banco com sucesso[39m
2024-07-08 10:26:41 - [34minfo[39m: [34mServer running on port 3000[39m
2024-07-08 10:27:24 - [34minfo[39m: [34mConectou ao banco com sucesso[39m
2024-07-08 10:27:24 - [34minfo[39m: [34mServer running on port 3000[39m
2024-07-08 10:27:38 - [34minfo[39m: [34mConectou ao banco com sucesso[39m
2024-07-08 10:27:38 - [34minfo[39m: [34mServer running on port 3000[39m
2024-07-08 10:27:40 - [34minfo[39m: [34mConectou ao banco com sucesso[39m
2024-07-08 10:27:40 - [34minfo[39m: [34mServer running on port 3000[39m
2024-07-08 10:27:46 - [34minfo[39m: [34mConectou ao banco com sucesso[39m
2024-07-08 10:27:46 - [34minfo[39m: [34mServer running on port 3000[39m
2024-07-08 10:27:53 - [34minfo[39m: [34mConectou ao banco com sucesso[39m
2024-07-08 10:27:53 - [34minfo[39m: [34mServer running on port 3000[39m
2024-07-08 10:27:58 - [34minfo[39m: [34mConectou ao banco com sucesso[39m
2024-07-08 10:27:58 - [34minfo[39m: [34mServer running on port 3000[39m
2024-07-08 10:28:00 - [34minfo[39m: [34mConectou ao banco com sucesso[39m
2024-07-08 10:28:00 - [34minfo[39m: [34mServer running on port 3000[39m
2024-07-08 10:28:19 - [32mhttp[39m: [32mPOST /api/movie 422 70 - 4.354 ms[39m
[32m[39m
2024-07-08 10:28:30 - [34minfo[39m: [34mConectou ao banco com sucesso[39m
2024-07-08 10:28:30 - [34minfo[39m: [34mServer running on port 3000[39m
2024-07-08 10:28:34 - [34minfo[39m: [34mConectou ao banco com sucesso[39m
2024-07-08 10:28:34 - [34minfo[39m: [34mServer running on port 3000[39m
2024-07-08 10:28:43 - [34minfo[39m: [34mConectou ao banco com sucesso[39m
2024-07-08 10:28:43 - [34minfo[39m: [34mServer running on port 3000[39m
2024-07-08 10:28:51 - [34minfo[39m: [34mConectou ao banco com sucesso[39m
2024-07-08 10:28:51 - [34minfo[39m: [34mServer running on port 3000[39m
2024-07-08 10:28:57 - [34minfo[39m: [34mConectou ao banco com sucesso[39m
2024-07-08 10:28:57 - [34minfo[39m: [34mServer running on port 3000[39m
2024-07-08 10:29:05 - [34minfo[39m: [34mConectou ao banco com sucesso[39m
2024-07-08 10:29:05 - [34minfo[39m: [34mServer running on port 3000[39m
2024-07-08 10:29:07 - [34minfo[39m: [34mConectou ao banco com sucesso[39m
2024-07-08 10:29:07 - [34minfo[39m: [34mServer running on port 3000[39m
2024-07-08 10:29:23 - [34minfo[39m: [34mConectou ao banco com sucesso[39m
2024-07-08 10:29:23 - [34minfo[39m: [34mServer running on port 3000[39m
2024-07-08 10:29:26 - [34minfo[39m: [34mConectou ao banco com sucesso[39m
2024-07-08 10:29:26 - [34minfo[39m: [34mServer running on port 3000[39m
2024-07-08 10:29:48 - [32mhttp[39m: [32mPOST /api/movie 422 112 - 4.456 ms[39m
[32m[39m
2024-07-08 10:30:05 - [32mhttp[39m: [32mPOST /api/movie 422 70 - 1.733 ms[39m
[32m[39m
2024-07-08 10:30:18 - [32mhttp[39m: [32mPOST /api/movie 422 70 - 0.617 ms[39m
[32m[39m
2024-07-08 10:30:21 - [32mhttp[39m: [32mPOST /api/movie 422 112 - 0.731 ms[39m
[32m[39m
2024-07-08 10:31:04 - [34minfo[39m: [34mConectou ao banco com sucesso[39m
2024-07-08 10:31:04 - [34minfo[39m: [34mServer running on port 3000[39m
2024-07-08 10:31:34 - [34minfo[39m: [34mConectou ao banco com sucesso[39m
2024-07-08 10:31:34 - [34minfo[39m: [34mServer running on port 3000[39m
2024-07-08 10:31:46 - [34minfo[39m: [34mConectou ao banco com sucesso[39m
2024-07-08 10:31:46 - [34minfo[39m: [34mServer running on port 3000[39m
2024-07-08 10:32:04 - [34minfo[39m: [34mConectou ao banco com sucesso[39m
2024-07-08 10:32:04 - [34minfo[39m: [34mServer running on port 3000[39m
2024-07-08 10:32:09 - [34minfo[39m: [34mConectou ao banco com sucesso[39m
2024-07-08 10:32:09 - [34minfo[39m: [34mServer running on port 3000[39m
2024-07-08 10:32:15 - [34minfo[39m: [34mConectou ao banco com sucesso[39m
2024-07-08 10:32:15 - [34minfo[39m: [34mServer running on port 3000[39m
2024-07-08 10:32:22 - [34minfo[39m: [34mConectou ao banco com sucesso[39m
2024-07-08 10:32:22 - [34minfo[39m: [34mServer running on port 3000[39m
2024-07-08 10:32:36 - [34minfo[39m: [34mConectou ao banco com sucesso[39m
2024-07-08 10:32:36 - [34minfo[39m: [34mServer running on port 3000[39m
2024-07-08 10:32:44 - [34minfo[39m: [34mConectou ao banco com sucesso[39m
2024-07-08 10:32:44 - [34minfo[39m: [34mServer running on port 3000[39m
2024-07-08 10:32:49 - [34minfo[39m: [34mConectou ao banco com sucesso[39m
2024-07-08 10:32:49 - [34minfo[39m: [34mServer running on port 3000[39m
2024-07-08 10:32:51 - [34minfo[39m: [34mConectou ao banco com sucesso[39m
2024-07-08 10:32:51 - [34minfo[39m: [34mServer running on port 3000[39m
2024-07-08 10:32:55 - [34minfo[39m: [34mConectou ao banco com sucesso[39m
2024-07-08 10:32:55 - [34minfo[39m: [34mServer running on port 3000[39m
2024-07-08 10:32:58 - [34minfo[39m: [34mConectou ao banco com sucesso[39m
2024-07-08 10:32:58 - [34minfo[39m: [34mServer running on port 3000[39m
2024-07-08 10:33:06 - [34minfo[39m: [34mConectou ao banco com sucesso[39m
2024-07-08 10:33:06 - [34minfo[39m: [34mServer running on port 3000[39m
2024-07-08 10:33:15 - [34minfo[39m: [34mConectou ao banco com sucesso[39m
2024-07-08 10:33:15 - [34minfo[39m: [34mServer running on port 3000[39m
2024-07-08 10:33:27 - [32mhttp[39m: [32mPOST /api/movie 422 116 - 4.729 ms[39m
[32m[39m
2024-07-08 10:33:31 - [32mhttp[39m: [32mPOST /api/movie 422 70 - 1.054 ms[39m
[32m[39m
2024-07-08 10:33:40 - [34minfo[39m: [34mConectou ao banco com sucesso[39m
2024-07-08 10:33:40 - [34minfo[39m: [34mServer running on port 3000[39m
2024-07-08 10:33:42 - [34minfo[39m: [34mConectou ao banco com sucesso[39m
2024-07-08 10:33:42 - [34minfo[39m: [34mServer running on port 3000[39m
2024-07-08 10:33:52 - [34minfo[39m: [34mConectou ao banco com sucesso[39m
2024-07-08 10:33:52 - [34minfo[39m: [34mServer running on port 3000[39m
2024-07-08 10:34:05 - [34minfo[39m: [34mConectou ao banco com sucesso[39m
2024-07-08 10:34:05 - [34minfo[39m: [34mServer running on port 3000[39m
2024-07-08 10:34:07 - [34minfo[39m: [34mConectou ao banco com sucesso[39m
2024-07-08 10:34:07 - [34minfo[39m: [34mServer running on port 3000[39m
2024-07-08 10:34:10 - [34minfo[39m: [34mConectou ao banco com sucesso[39m
2024-07-08 10:34:10 - [34minfo[39m: [34mServer running on port 3000[39m
2024-07-08 10:34:14 - [34minfo[39m: [34mConectou ao banco com sucesso[39m
2024-07-08 10:34:14 - [34minfo[39m: [34mServer running on port 3000[39m
2024-07-08 10:34:21 - [34minfo[39m: [34mConectou ao banco com sucesso[39m
2024-07-08 10:34:21 - [34minfo[39m: [34mServer running on port 3000[39m
2024-07-08 10:34:24 - [34minfo[39m: [34mConectou ao banco com sucesso[39m
2024-07-08 10:34:24 - [34minfo[39m: [34mServer running on port 3000[39m
2024-07-08 10:34:26 - [34minfo[39m: [34mConectou ao banco com sucesso[39m
2024-07-08 10:34:26 - [34minfo[39m: [34mServer running on port 3000[39m
2024-07-08 10:34:55 - [32mhttp[39m: [32mPOST /api/movie 422 70 - 4.875 ms[39m
[32m[39m
2024-07-08 10:35:12 - [32mhttp[39m: [32mPOST /api/movie 201 188 - 37.972 ms[39m
[32m[39m
2024-07-08 10:36:00 - [34minfo[39m: [34mConectou ao banco com sucesso[39m
2024-07-08 10:36:00 - [34minfo[39m: [34mServer running on port 3000[39m
2024-07-08 10:36:12 - [34minfo[39m: [34mConectou ao banco com sucesso[39m
2024-07-08 10:36:12 - [34minfo[39m: [34mServer running on port 3000[39m
2024-07-08 10:36:19 - [34minfo[39m: [34mConectou ao banco com sucesso[39m
2024-07-08 10:36:19 - [34minfo[39m: [34mServer running on port 3000[39m
2024-07-08 10:36:28 - [32mhttp[39m: [32mPOST /api/movie 422 55 - 5.491 ms[39m
[32m[39m
2024-07-08 10:37:00 - [32mhttp[39m: [32mPOST /api/movie 422 55 - 1.402 ms[39m
[32m[39m
2024-07-08 10:37:22 - [34minfo[39m: [34mConectou ao banco com sucesso[39m
2024-07-08 10:37:22 - [34minfo[39m: [34mServer running on port 3000[39m
2024-07-08 10:37:24 - [32mhttp[39m: [32mPOST /api/movie 422 75 - 5.916 ms[39m
[32m[39m
2024-07-08 10:37:37 - [34minfo[39m: [34mConectou ao banco com sucesso[39m
2024-07-08 10:37:37 - [34minfo[39m: [34mServer running on port 3000[39m
2024-07-08 10:37:39 - [34minfo[39m: [34mConectou ao banco com sucesso[39m
2024-07-08 10:37:39 - [34minfo[39m: [34mServer running on port 3000[39m
2024-07-08 10:37:44 - [34minfo[39m: [34mConectou ao banco com sucesso[39m
2024-07-08 10:37:44 - [34minfo[39m: [34mServer running on port 3000[39m
2024-07-08 10:38:13 - [34minfo[39m: [34mConectou ao banco com sucesso[39m
2024-07-08 10:38:13 - [34minfo[39m: [34mServer running on port 3000[39m
2024-07-08 10:38:28 - [34minfo[39m: [34mConectou ao banco com sucesso[39m
2024-07-08 10:38:28 - [34minfo[39m: [34mServer running on port 3000[39m
2024-07-08 10:39:03 - [32mhttp[39m: [32mPOST /api/movie 422 49 - 5.499 ms[39m
[32m[39m
2024-07-08 10:39:17 - [34minfo[39m: [34mConectou ao banco com sucesso[39m
2024-07-08 10:39:17 - [34minfo[39m: [34mServer running on port 3000[39m
2024-07-08 10:39:17 - [32mhttp[39m: [32mPOST /api/movie 201 235 - 783.142 ms[39m
[32m[39m
2024-07-08 10:39:38 - [34minfo[39m: [34mConectou ao banco com sucesso[39m
2024-07-08 10:39:38 - [34minfo[39m: [34mServer running on port 3000[39m
2024-07-08 10:39:39 - [34minfo[39m: [34mConectou ao banco com sucesso[39m
2024-07-08 10:39:39 - [34minfo[39m: [34mServer running on port 3000[39m
2024-07-08 10:40:03 - [34minfo[39m: [34mConectou ao banco com sucesso[39m
2024-07-08 10:40:03 - [34minfo[39m: [34mServer running on port 3000[39m
2024-07-08 10:40:10 - [34minfo[39m: [34mConectou ao banco com sucesso[39m
2024-07-08 10:40:10 - [34minfo[39m: [34mServer running on port 3000[39m
2024-07-08 10:40:12 - [34minfo[39m: [34mConectou ao banco com sucesso[39m
2024-07-08 10:40:12 - [34minfo[39m: [34mServer running on port 3000[39m
2024-07-08 10:40:31 - [34minfo[39m: [34mConectou ao banco com sucesso[39m
2024-07-08 10:40:31 - [34minfo[39m: [34mServer running on port 3000[39m
2024-07-08 10:40:32 - [34minfo[39m: [34mConectou ao banco com sucesso[39m
2024-07-08 10:40:32 - [34minfo[39m: [34mServer running on port 3000[39m
2024-07-08 10:41:36 - [32mhttp[39m: [32mPOST /api/movie 422 54 - 5.511 ms[39m
[32m[39m
2024-07-08 10:42:08 - [32mhttp[39m: [32mPOST /api/movie 201 347 - 45.811 ms[39m
[32m[39m
2024-07-08 10:52:13 - [34minfo[39m: [34mConectou ao banco com sucesso[39m
2024-07-08 10:52:13 - [34minfo[39m: [34mServer running on port 3000[39m
2024-07-08 10:52:32 - [34minfo[39m: [34mConectou ao banco com sucesso[39m
2024-07-08 10:52:32 - [34minfo[39m: [34mServer running on port 3000[39m
2024-07-08 10:52:36 - [34minfo[39m: [34mConectou ao banco com sucesso[39m
2024-07-08 10:52:36 - [34minfo[39m: [34mServer running on port 3000[39m
2024-07-08 10:52:48 - [34minfo[39m: [34mConectou ao banco com sucesso[39m
2024-07-08 10:52:48 - [34minfo[39m: [34mServer running on port 3000[39m
2024-07-08 10:52:52 - [34minfo[39m: [34mConectou ao banco com sucesso[39m
2024-07-08 10:52:52 - [34minfo[39m: [34mServer running on port 3000[39m
2024-07-08 10:52:54 - [34minfo[39m: [34mConectou ao banco com sucesso[39m
2024-07-08 10:52:54 - [34minfo[39m: [34mServer running on port 3000[39m
2024-07-08 10:53:10 - [34minfo[39m: [34mConectou ao banco com sucesso[39m
2024-07-08 10:53:10 - [34minfo[39m: [34mServer running on port 3000[39m
2024-07-08 10:53:15 - [34minfo[39m: [34mConectou ao banco com sucesso[39m
2024-07-08 10:53:15 - [34minfo[39m: [34mServer running on port 3000[39m
2024-07-08 10:53:30 - [34minfo[39m: [34mConectou ao banco com sucesso[39m
2024-07-08 10:53:30 - [34minfo[39m: [34mServer running on port 3000[39m
2024-07-08 10:53:35 - [34minfo[39m: [34mConectou ao banco com sucesso[39m
2024-07-08 10:53:35 - [34minfo[39m: [34mServer running on port 3000[39m
2024-07-08 10:54:11 - [34minfo[39m: [34mConectou ao banco com sucesso[39m
2024-07-08 10:54:11 - [34minfo[39m: [34mServer running on port 3000[39m
2024-07-08 10:55:52 - [34minfo[39m: [34mConectou ao banco com sucesso[39m
2024-07-08 10:55:52 - [34minfo[39m: [34mServer running on port 3000[39m
2024-07-08 10:55:57 - [34minfo[39m: [34mConectou ao banco com sucesso[39m
2024-07-08 10:55:57 - [34minfo[39m: [34mServer running on port 3000[39m
2024-07-08 10:57:35 - [32mhttp[39m: [32mGET /api/movie/668becb0f355da9f5832bb7d - - - - ms[39m
[32m[39m
2024-07-08 10:57:38 - [31merror[39m: [31mErro no sistema: Cast to ObjectId failed for value "668becb0f355da9f5832bb" (type string) at path "_id" for model "Movie"[39m
2024-07-08 10:57:53 - [32mhttp[39m: [32mGET /api/movie/668becb0f355da9f5832bb - - - - ms[39m
[32m[39m
2024-07-08 10:58:04 - [32mhttp[39m: [32mGET /api/movie/ 404 149 - 1.577 ms[39m
[32m[39m
2024-07-08 10:58:51 - [32mhttp[39m: [32mGET /api/movie/ 404 149 - 0.426 ms[39m
[32m[39m
2024-07-08 10:59:12 - [32mhttp[39m: [32mGET /api/movie 404 148 - 0.362 ms[39m
[32m[39m
2024-07-08 11:00:09 - [32mhttp[39m: [32mGET /api/movie 404 148 - 0.357 ms[39m
[32m[39m
2024-07-08 11:01:07 - [31merror[39m: [31mErro no sistema: Cast to ObjectId failed for value "668becb0f355da9f5832b" (type string) at path "_id" for model "Movie"[39m
2024-07-08 11:01:24 - [32mhttp[39m: [32mGET /api/movie/668becb0f355da9f5832b - - - - ms[39m
[32m[39m
2024-07-08 11:02:39 - [34minfo[39m: [34mConectou ao banco com sucesso[39m
2024-07-08 11:02:39 - [34minfo[39m: [34mServer running on port 3000[39m
2024-07-08 11:02:42 - [34minfo[39m: [34mConectou ao banco com sucesso[39m
2024-07-08 11:02:42 - [34minfo[39m: [34mServer running on port 3000[39m
2024-07-08 11:02:44 - [34minfo[39m: [34mConectou ao banco com sucesso[39m
2024-07-08 11:02:44 - [34minfo[39m: [34mServer running on port 3000[39m
2024-07-08 11:03:04 - [34minfo[39m: [34mConectou ao banco com sucesso[39m
2024-07-08 11:03:04 - [34minfo[39m: [34mServer running on port 3000[39m
2024-07-08 11:03:11 - [31merror[39m: [31mErro no sistema: Cast to ObjectId failed for value "668becb0f355da9f5832b" (type string) at path "_id" for model "Movie"[39m
2024-07-08 11:03:18 - [32mhttp[39m: [32mGET /api/movie/668becb0f355da9f5832b - - - - ms[39m
[32m[39m
2024-07-08 11:06:37 - [31merror[39m: [31mErro no sistema: Cast to ObjectId failed for value "668becb0f355da9f5832bb7g" (type string) at path "_id" for model "Movie"[39m
2024-07-08 11:06:41 - [32mhttp[39m: [32mGET /api/movie/668becb0f355da9f5832bb7g - - - - ms[39m
[32m[39m
2024-07-08 11:06:59 - [32mhttp[39m: [32mGET /api/movie/668becb0f355da9f5832bb7d - - - - ms[39m
[32m[39m
2024-07-08 11:08:01 - [34minfo[39m: [34mConectou ao banco com sucesso[39m
2024-07-08 11:08:01 - [34minfo[39m: [34mServer running on port 3000[39m
2024-07-08 11:08:07 - [34minfo[39m: [34mConectou ao banco com sucesso[39m
2024-07-08 11:08:07 - [34minfo[39m: [34mServer running on port 3000[39m
2024-07-08 11:08:31 - [34minfo[39m: [34mConectou ao banco com sucesso[39m
2024-07-08 11:08:31 - [34minfo[39m: [34mServer running on port 3000[39m
2024-07-08 11:08:39 - [34minfo[39m: [34mConectou ao banco com sucesso[39m
2024-07-08 11:08:39 - [34minfo[39m: [34mServer running on port 3000[39m
2024-07-08 11:09:21 - [34minfo[39m: [34mConectou ao banco com sucesso[39m
2024-07-08 11:09:21 - [34minfo[39m: [34mServer running on port 3000[39m
2024-07-08 11:09:27 - [34minfo[39m: [34mConectou ao banco com sucesso[39m
2024-07-08 11:09:27 - [34minfo[39m: [34mServer running on port 3000[39m
2024-07-08 11:09:33 - [34minfo[39m: [34mConectou ao banco com sucesso[39m
2024-07-08 11:09:33 - [34minfo[39m: [34mServer running on port 3000[39m
2024-07-08 11:09:34 - [34minfo[39m: [34mConectou ao banco com sucesso[39m
2024-07-08 11:09:34 - [34minfo[39m: [34mServer running on port 3000[39m
2024-07-08 11:09:52 - [34minfo[39m: [34mConectou ao banco com sucesso[39m
2024-07-08 11:09:52 - [34minfo[39m: [34mServer running on port 3000[39m
2024-07-08 11:09:53 - [34minfo[39m: [34mConectou ao banco com sucesso[39m
2024-07-08 11:09:53 - [34minfo[39m: [34mServer running on port 3000[39m
2024-07-08 11:09:54 - [34minfo[39m: [34mConectou ao banco com sucesso[39m
2024-07-08 11:09:54 - [34minfo[39m: [34mServer running on port 3000[39m
2024-07-08 11:11:55 - [34minfo[39m: [34mConectou ao banco com sucesso[39m
2024-07-08 11:11:55 - [34minfo[39m: [34mServer running on port 3000[39m
2024-07-08 11:13:07 - [34minfo[39m: [34mConectou ao banco com sucesso[39m
2024-07-08 11:13:07 - [34minfo[39m: [34mServer running on port 3000[39m
2024-07-08 11:14:01 - [34minfo[39m: [34mConectou ao banco com sucesso[39m
2024-07-08 11:14:01 - [34minfo[39m: [34mServer running on port 3000[39m
2024-07-08 11:14:29 - [32mhttp[39m: [32mGET /api/movie/668becb0f355da9f5832bb7d - - - - ms[39m
[32m[39m
2024-07-08 11:14:33 - [31merror[39m: [31mErro no sistema: Cast to ObjectId failed for value "668becb0f355da9f5832bb7s" (type string) at path "_id" for model "Movie"[39m
2024-07-08 11:14:40 - [32mhttp[39m: [32mGET /api/movie/668becb0f355da9f5832bb7s - - - - ms[39m
[32m[39m
2024-07-08 11:15:14 - [34minfo[39m: [34mConectou ao banco com sucesso[39m
2024-07-08 11:15:14 - [34minfo[39m: [34mServer running on port 3000[39m
2024-07-08 11:15:38 - [34minfo[39m: [34mConectou ao banco com sucesso[39m
2024-07-08 11:15:38 - [34minfo[39m: [34mServer running on port 3000[39m
2024-07-08 11:15:43 - [31merror[39m: [31mErro no sistema: Cast to ObjectId failed for value "668becb0f355da9f5832bb7s" (type string) at path "_id" for model "Movie"[39m
2024-07-08 11:15:48 - [32mhttp[39m: [32mGET /api/movie/668becb0f355da9f5832bb7s - - - - ms[39m
[32m[39m
2024-07-08 11:16:05 - [34minfo[39m: [34mConectou ao banco com sucesso[39m
2024-07-08 11:16:05 - [34minfo[39m: [34mServer running on port 3000[39m
2024-07-08 11:16:44 - [31merror[39m: [31mErro no sistema: Cast to ObjectId failed for value "668becb0f355da9f5832bb7s" (type string) at path "_id" for model "Movie"[39m
2024-07-08 11:16:53 - [32mhttp[39m: [32mGET /api/movie/668becb0f355da9f5832bb7s - - - - ms[39m
[32m[39m
2024-07-08 11:17:07 - [31merror[39m: [31mErro no sistema: Cast to ObjectId failed for value "668becb0f355da9f5832bb7s" (type string) at path "_id" for model "Movie"[39m
2024-07-08 11:17:11 - [32mhttp[39m: [32mGET /api/movie/668becb0f355da9f5832bb7s - - - - ms[39m
[32m[39m
2024-07-08 11:18:24 - [34minfo[39m: [34mConectou ao banco com sucesso[39m
2024-07-08 11:18:24 - [34minfo[39m: [34mServer running on port 3000[39m
2024-07-08 11:19:11 - [34minfo[39m: [34mConectou ao banco com sucesso[39m
2024-07-08 11:19:11 - [34minfo[39m: [34mServer running on port 3000[39m
2024-07-08 11:25:10 - [34minfo[39m: [34mConectou ao banco com sucesso[39m
2024-07-08 11:25:10 - [34minfo[39m: [34mServer running on port 3000[39m
2024-07-08 11:26:46 - [34minfo[39m: [34mConectou ao banco com sucesso[39m
2024-07-08 11:26:47 - [34minfo[39m: [34mServer running on port 3000[39m
2024-07-08 11:26:48 - [34minfo[39m: [34mConectou ao banco com sucesso[39m
2024-07-08 11:26:48 - [34minfo[39m: [34mServer running on port 3000[39m
2024-07-08 11:26:53 - [34minfo[39m: [34mConectou ao banco com sucesso[39m
2024-07-08 11:26:53 - [34minfo[39m: [34mServer running on port 3000[39m
2024-07-08 11:27:01 - [34minfo[39m: [34mConectou ao banco com sucesso[39m
2024-07-08 11:27:01 - [34minfo[39m: [34mServer running on port 3000[39m
2024-07-08 11:27:16 - [34minfo[39m: [34mConectou ao banco com sucesso[39m
2024-07-08 11:27:16 - [34minfo[39m: [34mServer running on port 3000[39m
2024-07-08 11:27:26 - [34minfo[39m: [34mConectou ao banco com sucesso[39m
2024-07-08 11:27:26 - [34minfo[39m: [34mServer running on port 3000[39m
2024-07-08 11:27:38 - [34minfo[39m: [34mConectou ao banco com sucesso[39m
2024-07-08 11:27:38 - [34minfo[39m: [34mServer running on port 3000[39m
2024-07-08 11:27:44 - [34minfo[39m: [34mConectou ao banco com sucesso[39m
2024-07-08 11:27:44 - [34minfo[39m: [34mServer running on port 3000[39m
2024-07-08 11:29:46 - [34minfo[39m: [34mConectou ao banco com sucesso[39m
2024-07-08 11:29:46 - [34minfo[39m: [34mServer running on port 3000[39m
2024-07-08 11:29:58 - [32mhttp[39m: [32mGET /api/movie/ 404 149 - 1.875 ms[39m
[32m[39m
2024-07-08 11:30:21 - [32mhttp[39m: [32mGET /api/movie/668becb0f355da9f5832bb7d - - - - ms[39m
[32m[39m
2024-07-08 11:30:24 - [31merror[39m: [31mErro no sistema: Cast to ObjectId failed for value "668becb0f355da9f5832bb7h" (type string) at path "_id" for model "Movie"[39m
2024-07-08 11:30:45 - [32mhttp[39m: [32mGET /api/movie/668becb0f355da9f5832bb7h - - - - ms[39m
[32m[39m
2024-07-08 11:32:51 - [34minfo[39m: [34mConectou ao banco com sucesso[39m
2024-07-08 11:32:51 - [34minfo[39m: [34mServer running on port 3000[39m
2024-07-08 11:34:01 - [34minfo[39m: [34mConectou ao banco com sucesso[39m
2024-07-08 11:34:01 - [34minfo[39m: [34mServer running on port 3000[39m
2024-07-08 11:34:02 - [34minfo[39m: [34mConectou ao banco com sucesso[39m
2024-07-08 11:34:02 - [34minfo[39m: [34mServer running on port 3000[39m
2024-07-08 11:35:36 - [34minfo[39m: [34mConectou ao banco com sucesso[39m
2024-07-08 11:35:36 - [34minfo[39m: [34mServer running on port 3000[39m
2024-07-09 09:11:38 - [31merror[39m: [31mErro no sistema: Cast to ObjectId failed for value "668becb0f355da9f5832bb7h" (type string) at path "_id" for model "Movie"[39m
2024-07-09 09:11:44 - [32mhttp[39m: [32mGET /api/movie/668becb0f355da9f5832bb7h - - - - ms[39m
[32m[39m
2024-07-09 09:14:05 - [34minfo[39m: [34mConectou ao banco com sucesso[39m
2024-07-09 09:14:05 - [34minfo[39m: [34mServer running on port 3000[39m
2024-07-09 09:14:09 - [31merror[39m: [31mErro no sistema: Cast to ObjectId failed for value "668becb0f355da9f5832bb7h" (type string) at path "_id" for model "Movie"[39m
2024-07-09 09:14:16 - [32mhttp[39m: [32mGET /api/movie/668becb0f355da9f5832bb7h - - - - ms[39m
[32m[39m
2024-07-09 09:15:57 - [32mhttp[39m: [32mPOST /api/movie 201 347 - 49.089 ms[39m
[32m[39m
2024-07-09 09:16:13 - [32mhttp[39m: [32mGET /api/movie/668d29fd24ae9b01f5634ea6 - - - - ms[39m
[32m[39m
2024-07-09 09:16:17 - [32mhttp[39m: [32mGET /api/movie/668d29fd24ae9b01f5634ea5 404 31 - 22.532 ms[39m
[32m[39m
2024-07-09 09:16:54 - [34minfo[39m: [34mConectou ao banco com sucesso[39m
2024-07-09 09:16:54 - [34minfo[39m: [34mServer running on port 3000[39m
2024-07-09 09:16:55 - [34minfo[39m: [34mConectou ao banco com sucesso[39m
2024-07-09 09:16:55 - [34minfo[39m: [34mServer running on port 3000[39m
2024-07-09 09:17:05 - [34minfo[39m: [34mConectou ao banco com sucesso[39m
2024-07-09 09:17:05 - [34minfo[39m: [34mServer running on port 3000[39m
2024-07-09 09:17:12 - [32mhttp[39m: [32mGET /api/movie/668d29fd24ae9b01f5634ea6 200 347 - 31.884 ms[39m
[32m[39m
2024-07-09 09:25:33 - [34minfo[39m: [34mConectou ao banco com sucesso[39m
2024-07-09 09:25:33 - [34minfo[39m: [34mServer running on port 3000[39m
2024-07-09 10:09:33 - [34minfo[39m: [34mConectou ao banco com sucesso[39m
2024-07-09 10:09:33 - [34minfo[39m: [34mServer running on port 3000[39m
2024-07-09 10:09:39 - [34minfo[39m: [34mConectou ao banco com sucesso[39m
2024-07-09 10:09:39 - [34minfo[39m: [34mServer running on port 3000[39m
2024-07-09 10:09:41 - [34minfo[39m: [34mConectou ao banco com sucesso[39m
2024-07-09 10:09:41 - [34minfo[39m: [34mServer running on port 3000[39m
2024-07-09 10:10:14 - [34minfo[39m: [34mConectou ao banco com sucesso[39m
2024-07-09 10:10:14 - [34minfo[39m: [34mServer running on port 3000[39m
2024-07-09 10:10:25 - [34minfo[39m: [34mConectou ao banco com sucesso[39m
2024-07-09 10:10:25 - [34minfo[39m: [34mServer running on port 3000[39m
2024-07-09 10:10:35 - [34minfo[39m: [34mConectou ao banco com sucesso[39m
2024-07-09 10:10:35 - [34minfo[39m: [34mServer running on port 3000[39m
2024-07-09 10:10:41 - [34minfo[39m: [34mConectou ao banco com sucesso[39m
2024-07-09 10:10:41 - [34minfo[39m: [34mServer running on port 3000[39m
2024-07-09 10:10:46 - [34minfo[39m: [34mConectou ao banco com sucesso[39m
2024-07-09 10:10:46 - [34minfo[39m: [34mServer running on port 3000[39m
2024-07-09 10:11:09 - [34minfo[39m: [34mConectou ao banco com sucesso[39m
2024-07-09 10:11:09 - [34minfo[39m: [34mServer running on port 3000[39m
2024-07-09 10:12:20 - [34minfo[39m: [34mConectou ao banco com sucesso[39m
2024-07-09 10:12:20 - [34minfo[39m: [34mServer running on port 3000[39m
2024-07-09 10:12:22 - [32mhttp[39m: [32mGET /api//movie 200 1881 - 35.807 ms[39m
[32m[39m
2024-07-09 10:14:03 - [34minfo[39m: [34mConectou ao banco com sucesso[39m
2024-07-09 10:14:03 - [34minfo[39m: [34mServer running on port 3000[39m
2024-07-09 10:14:06 - [34minfo[39m: [34mConectou ao banco com sucesso[39m
2024-07-09 10:14:06 - [34minfo[39m: [34mServer running on port 3000[39m
2024-07-09 10:14:36 - [34minfo[39m: [34mConectou ao banco com sucesso[39m
2024-07-09 10:14:36 - [34minfo[39m: [34mServer running on port 3000[39m
2024-07-09 10:14:39 - [34minfo[39m: [34mConectou ao banco com sucesso[39m
2024-07-09 10:14:39 - [34minfo[39m: [34mServer running on port 3000[39m
2024-07-09 10:14:40 - [34minfo[39m: [34mConectou ao banco com sucesso[39m
2024-07-09 10:14:40 - [34minfo[39m: [34mServer running on port 3000[39m
2024-07-09 10:14:43 - [34minfo[39m: [34mConectou ao banco com sucesso[39m
2024-07-09 10:14:43 - [34minfo[39m: [34mServer running on port 3000[39m
2024-07-09 10:14:54 - [34minfo[39m: [34mConectou ao banco com sucesso[39m
2024-07-09 10:14:54 - [34minfo[39m: [34mServer running on port 3000[39m
2024-07-09 10:15:09 - [34minfo[39m: [34mConectou ao banco com sucesso[39m
2024-07-09 10:15:09 - [34minfo[39m: [34mServer running on port 3000[39m
2024-07-09 10:15:21 - [34minfo[39m: [34mConectou ao banco com sucesso[39m
2024-07-09 10:15:21 - [34minfo[39m: [34mServer running on port 3000[39m
2024-07-09 10:15:29 - [34minfo[39m: [34mConectou ao banco com sucesso[39m
2024-07-09 10:15:29 - [34minfo[39m: [34mServer running on port 3000[39m
2024-07-09 10:15:41 - [34minfo[39m: [34mConectou ao banco com sucesso[39m
2024-07-09 10:15:41 - [34minfo[39m: [34mServer running on port 3000[39m
2024-07-09 10:15:56 - [34minfo[39m: [34mConectou ao banco com sucesso[39m
2024-07-09 10:15:56 - [34minfo[39m: [34mServer running on port 3000[39m
2024-07-09 10:15:57 - [34minfo[39m: [34mConectou ao banco com sucesso[39m
2024-07-09 10:15:58 - [34minfo[39m: [34mServer running on port 3000[39m
2024-07-09 10:16:01 - [34minfo[39m: [34mConectou ao banco com sucesso[39m
2024-07-09 10:16:01 - [34minfo[39m: [34mServer running on port 3000[39m
2024-07-09 10:16:09 - [34minfo[39m: [34mConectou ao banco com sucesso[39m
2024-07-09 10:16:09 - [34minfo[39m: [34mServer running on port 3000[39m
2024-07-09 10:17:56 - [34minfo[39m: [34mConectou ao banco com sucesso[39m
2024-07-09 10:17:56 - [34minfo[39m: [34mServer running on port 3000[39m
2024-07-09 10:18:00 - [34minfo[39m: [34mConectou ao banco com sucesso[39m
2024-07-09 10:18:00 - [34minfo[39m: [34mServer running on port 3000[39m
2024-07-09 10:18:15 - [34minfo[39m: [34mConectou ao banco com sucesso[39m
2024-07-09 10:18:15 - [34minfo[39m: [34mServer running on port 3000[39m
2024-07-09 10:18:17 - [34minfo[39m: [34mConectou ao banco com sucesso[39m
2024-07-09 10:18:17 - [34minfo[39m: [34mServer running on port 3000[39m
2024-07-09 10:18:19 - [34minfo[39m: [34mConectou ao banco com sucesso[39m
2024-07-09 10:18:19 - [34minfo[39m: [34mServer running on port 3000[39m
2024-07-09 10:18:27 - [34minfo[39m: [34mConectou ao banco com sucesso[39m
2024-07-09 10:18:27 - [34minfo[39m: [34mServer running on port 3000[39m
2024-07-09 10:18:34 - [34minfo[39m: [34mConectou ao banco com sucesso[39m
2024-07-09 10:18:34 - [34minfo[39m: [34mServer running on port 3000[39m
2024-07-09 10:19:08 - [34minfo[39m: [34mConectou ao banco com sucesso[39m
2024-07-09 10:19:08 - [34minfo[39m: [34mServer running on port 3000[39m
2024-07-09 10:19:16 - [34minfo[39m: [34mConectou ao banco com sucesso[39m
2024-07-09 10:19:16 - [34minfo[39m: [34mServer running on port 3000[39m
2024-07-09 10:19:18 - [34minfo[39m: [34mConectou ao banco com sucesso[39m
2024-07-09 10:19:18 - [34minfo[39m: [34mServer running on port 3000[39m
2024-07-09 10:19:23 - [34minfo[39m: [34mConectou ao banco com sucesso[39m
2024-07-09 10:19:23 - [34minfo[39m: [34mServer running on port 3000[39m
2024-07-09 10:19:30 - [34minfo[39m: [34mConectou ao banco com sucesso[39m
2024-07-09 10:19:30 - [34minfo[39m: [34mServer running on port 3000[39m
2024-07-09 10:19:37 - [34minfo[39m: [34mConectou ao banco com sucesso[39m
2024-07-09 10:19:37 - [34minfo[39m: [34mServer running on port 3000[39m
2024-07-09 10:19:42 - [34minfo[39m: [34mConectou ao banco com sucesso[39m
2024-07-09 10:19:42 - [34minfo[39m: [34mServer running on port 3000[39m
2024-07-09 10:19:45 - [34minfo[39m: [34mConectou ao banco com sucesso[39m
2024-07-09 10:19:45 - [34minfo[39m: [34mServer running on port 3000[39m
2024-07-09 10:19:47 - [34minfo[39m: [34mConectou ao banco com sucesso[39m
2024-07-09 10:19:47 - [34minfo[39m: [34mServer running on port 3000[39m
2024-07-09 10:19:49 - [34minfo[39m: [34mConectou ao banco com sucesso[39m
2024-07-09 10:19:49 - [34minfo[39m: [34mServer running on port 3000[39m
2024-07-09 10:19:59 - [34minfo[39m: [34mConectou ao banco com sucesso[39m
2024-07-09 10:19:59 - [34minfo[39m: [34mServer running on port 3000[39m
2024-07-09 10:20:05 - [34minfo[39m: [34mConectou ao banco com sucesso[39m
2024-07-09 10:20:05 - [34minfo[39m: [34mServer running on port 3000[39m
2024-07-09 10:20:09 - [34minfo[39m: [34mConectou ao banco com sucesso[39m
2024-07-09 10:20:09 - [34minfo[39m: [34mServer running on port 3000[39m
2024-07-09 10:20:11 - [34minfo[39m: [34mConectou ao banco com sucesso[39m
2024-07-09 10:20:11 - [34minfo[39m: [34mServer running on port 3000[39m
2024-07-09 10:20:23 - [34minfo[39m: [34mConectou ao banco com sucesso[39m
2024-07-09 10:20:23 - [34minfo[39m: [34mServer running on port 3000[39m
2024-07-09 10:20:25 - [34minfo[39m: [34mConectou ao banco com sucesso[39m
2024-07-09 10:20:25 - [34minfo[39m: [34mServer running on port 3000[39m
2024-07-09 10:20:31 - [34minfo[39m: [34mConectou ao banco com sucesso[39m
2024-07-09 10:20:31 - [34minfo[39m: [34mServer running on port 3000[39m
2024-07-09 10:20:35 - [34minfo[39m: [34mConectou ao banco com sucesso[39m
2024-07-09 10:20:35 - [34minfo[39m: [34mServer running on port 3000[39m
2024-07-09 10:20:37 - [34minfo[39m: [34mConectou ao banco com sucesso[39m
2024-07-09 10:20:37 - [34minfo[39m: [34mServer running on port 3000[39m
2024-07-09 10:20:39 - [34minfo[39m: [34mConectou ao banco com sucesso[39m
2024-07-09 10:20:39 - [34minfo[39m: [34mServer running on port 3000[39m
2024-07-09 10:20:46 - [34minfo[39m: [34mConectou ao banco com sucesso[39m
2024-07-09 10:20:46 - [34minfo[39m: [34mServer running on port 3000[39m
2024-07-09 10:20:48 - [34minfo[39m: [34mConectou ao banco com sucesso[39m
2024-07-09 10:20:48 - [34minfo[39m: [34mServer running on port 3000[39m
2024-07-09 10:20:51 - [34minfo[39m: [34mConectou ao banco com sucesso[39m
2024-07-09 10:20:51 - [34minfo[39m: [34mServer running on port 3000[39m
2024-07-09 10:20:57 - [34minfo[39m: [34mConectou ao banco com sucesso[39m
2024-07-09 10:20:57 - [34minfo[39m: [34mServer running on port 3000[39m
2024-07-09 10:21:07 - [34minfo[39m: [34mConectou ao banco com sucesso[39m
2024-07-09 10:21:07 - [34minfo[39m: [34mServer running on port 3000[39m
2024-07-09 10:21:26 - [34minfo[39m: [34mConectou ao banco com sucesso[39m
2024-07-09 10:21:26 - [34minfo[39m: [34mServer running on port 3000[39m
2024-07-09 10:21:39 - [34minfo[39m: [34mConectou ao banco com sucesso[39m
2024-07-09 10:21:39 - [34minfo[39m: [34mServer running on port 3000[39m
2024-07-09 10:22:23 - [32mhttp[39m: [32mDELETE /api/movie/668839b6686b22d099c625ad 200 37 - 63.423 ms[39m
[32m[39m
2024-07-09 10:22:27 - [32mhttp[39m: [32mGET /api//movie 200 1724 - 26.022 ms[39m
[32m[39m
2024-07-09 10:22:37 - [32mhttp[39m: [32mDELETE /api/movie/66883dfa3b1412d3a338d2d6 200 37 - 49.911 ms[39m
[32m[39m
2024-07-09 10:22:39 - [32mhttp[39m: [32mGET /api//movie 200 1567 - 23.358 ms[39m
[32m[39m
2024-07-09 10:22:55 - [31merror[39m: [31mErro no sistema: Cast to ObjectId failed for value "66883dfa3b1412d3a338d2d" (type string) at path "_id" for model "Movie"[39m
2024-07-09 10:22:55 - [32mhttp[39m: [32mDELETE /api/movie/66883dfa3b1412d3a338d2d 500 40 - 1.957 ms[39m
[32m[39m
2024-07-09 10:22:59 - [32mhttp[39m: [32mDELETE /api/movie/66883dfa3b1412d3a338d2d6 404 32 - 19.496 ms[39m
[32m[39m
2024-07-09 10:23:55 - [34minfo[39m: [34mConectou ao banco com sucesso[39m
2024-07-09 10:23:55 - [34minfo[39m: [34mServer running on port 3000[39m
2024-07-09 10:23:57 - [34minfo[39m: [34mConectou ao banco com sucesso[39m
2024-07-09 10:23:57 - [34minfo[39m: [34mServer running on port 3000[39m
2024-07-09 10:24:05 - [34minfo[39m: [34mConectou ao banco com sucesso[39m
2024-07-09 10:24:05 - [34minfo[39m: [34mServer running on port 3000[39m
2024-07-09 10:24:17 - [34minfo[39m: [34mConectou ao banco com sucesso[39m
2024-07-09 10:24:17 - [34minfo[39m: [34mServer running on port 3000[39m
2024-07-09 10:24:19 - [34minfo[39m: [34mConectou ao banco com sucesso[39m
2024-07-09 10:24:19 - [34minfo[39m: [34mServer running on port 3000[39m
2024-07-09 10:24:21 - [34minfo[39m: [34mConectou ao banco com sucesso[39m
2024-07-09 10:24:21 - [34minfo[39m: [34mServer running on port 3000[39m
2024-07-09 10:24:25 - [34minfo[39m: [34mConectou ao banco com sucesso[39m
2024-07-09 10:24:25 - [34minfo[39m: [34mServer running on port 3000[39m
2024-07-09 10:24:26 - [34minfo[39m: [34mConectou ao banco com sucesso[39m
2024-07-09 10:24:26 - [34minfo[39m: [34mServer running on port 3000[39m
2024-07-09 10:24:30 - [34minfo[39m: [34mConectou ao banco com sucesso[39m
2024-07-09 10:24:30 - [34minfo[39m: [34mServer running on port 3000[39m
2024-07-09 10:24:39 - [34minfo[39m: [34mConectou ao banco com sucesso[39m
2024-07-09 10:24:39 - [34minfo[39m: [34mServer running on port 3000[39m
2024-07-09 10:24:44 - [34minfo[39m: [34mConectou ao banco com sucesso[39m
2024-07-09 10:24:44 - [34minfo[39m: [34mServer running on port 3000[39m
2024-07-09 10:25:16 - [34minfo[39m: [34mConectou ao banco com sucesso[39m
2024-07-09 10:25:16 - [34minfo[39m: [34mServer running on port 3000[39m
2024-07-09 10:25:24 - [34minfo[39m: [34mConectou ao banco com sucesso[39m
2024-07-09 10:25:24 - [34minfo[39m: [34mServer running on port 3000[39m
2024-07-09 10:25:30 - [34minfo[39m: [34mConectou ao banco com sucesso[39m
2024-07-09 10:25:30 - [34minfo[39m: [34mServer running on port 3000[39m
2024-07-09 10:25:32 - [34minfo[39m: [34mConectou ao banco com sucesso[39m
2024-07-09 10:25:32 - [34minfo[39m: [34mServer running on port 3000[39m
2024-07-09 10:25:33 - [34minfo[39m: [34mConectou ao banco com sucesso[39m
2024-07-09 10:25:33 - [34minfo[39m: [34mServer running on port 3000[39m
2024-07-09 10:25:40 - [34minfo[39m: [34mConectou ao banco com sucesso[39m
2024-07-09 10:25:40 - [34minfo[39m: [34mServer running on port 3000[39m
2024-07-09 10:25:49 - [34minfo[39m: [34mConectou ao banco com sucesso[39m
2024-07-09 10:25:49 - [34minfo[39m: [34mServer running on port 3000[39m
2024-07-09 10:25:58 - [34minfo[39m: [34mConectou ao banco com sucesso[39m
2024-07-09 10:25:58 - [34minfo[39m: [34mServer running on port 3000[39m
2024-07-09 10:26:02 - [34minfo[39m: [34mConectou ao banco com sucesso[39m
2024-07-09 10:26:02 - [34minfo[39m: [34mServer running on port 3000[39m
2024-07-09 10:26:08 - [34minfo[39m: [34mConectou ao banco com sucesso[39m
2024-07-09 10:26:08 - [34minfo[39m: [34mServer running on port 3000[39m
2024-07-09 10:26:11 - [34minfo[39m: [34mConectou ao banco com sucesso[39m
2024-07-09 10:26:11 - [34minfo[39m: [34mServer running on port 3000[39m
2024-07-09 10:26:31 - [34minfo[39m: [34mConectou ao banco com sucesso[39m
2024-07-09 10:26:31 - [34minfo[39m: [34mServer running on port 3000[39m
2024-07-09 10:26:38 - [34minfo[39m: [34mConectou ao banco com sucesso[39m
2024-07-09 10:26:38 - [34minfo[39m: [34mServer running on port 3000[39m
2024-07-09 10:26:44 - [34minfo[39m: [34mConectou ao banco com sucesso[39m
2024-07-09 10:26:44 - [34minfo[39m: [34mServer running on port 3000[39m
2024-07-09 10:26:46 - [34minfo[39m: [34mConectou ao banco com sucesso[39m
2024-07-09 10:26:46 - [34minfo[39m: [34mServer running on port 3000[39m
2024-07-09 10:26:49 - [34minfo[39m: [34mConectou ao banco com sucesso[39m
2024-07-09 10:26:49 - [34minfo[39m: [34mServer running on port 3000[39m
2024-07-09 10:27:00 - [34minfo[39m: [34mConectou ao banco com sucesso[39m
2024-07-09 10:27:00 - [34minfo[39m: [34mServer running on port 3000[39m
2024-07-09 10:27:47 - [34minfo[39m: [34mConectou ao banco com sucesso[39m
2024-07-09 10:27:47 - [34minfo[39m: [34mServer running on port 3000[39m
2024-07-09 10:27:53 - [34minfo[39m: [34mConectou ao banco com sucesso[39m
2024-07-09 10:27:53 - [34minfo[39m: [34mServer running on port 3000[39m
2024-07-09 10:28:10 - [34minfo[39m: [34mConectou ao banco com sucesso[39m
2024-07-09 10:28:10 - [34minfo[39m: [34mServer running on port 3000[39m
2024-07-09 10:28:57 - [32mhttp[39m: [32mPATCH /api/movie/66883e113b1412d3a338d2d0 404 32 - 28.919 ms[39m
[32m[39m
2024-07-09 10:29:05 - [32mhttp[39m: [32mPATCH /api/movie/66883e113b1412d3a338d2d8 - - - - ms[39m
[32m[39m
2024-07-09 10:29:36 - [34minfo[39m: [34mConectou ao banco com sucesso[39m
2024-07-09 10:29:36 - [34minfo[39m: [34mServer running on port 3000[39m
2024-07-09 10:29:40 - [34minfo[39m: [34mConectou ao banco com sucesso[39m
2024-07-09 10:29:40 - [34minfo[39m: [34mServer running on port 3000[39m
2024-07-09 10:29:46 - [34minfo[39m: [34mConectou ao banco com sucesso[39m
2024-07-09 10:29:46 - [34minfo[39m: [34mServer running on port 3000[39m
2024-07-09 10:29:48 - [34minfo[39m: [34mConectou ao banco com sucesso[39m
2024-07-09 10:29:48 - [34minfo[39m: [34mServer running on port 3000[39m
2024-07-09 10:29:55 - [34minfo[39m: [34mConectou ao banco com sucesso[39m
2024-07-09 10:29:55 - [34minfo[39m: [34mServer running on port 3000[39m
2024-07-09 10:30:05 - [34minfo[39m: [34mConectou ao banco com sucesso[39m
2024-07-09 10:30:05 - [34minfo[39m: [34mServer running on port 3000[39m
2024-07-09 10:30:07 - [34minfo[39m: [34mConectou ao banco com sucesso[39m
2024-07-09 10:30:07 - [34minfo[39m: [34mServer running on port 3000[39m
2024-07-09 10:30:12 - [34minfo[39m: [34mConectou ao banco com sucesso[39m
2024-07-09 10:30:12 - [34minfo[39m: [34mServer running on port 3000[39m
2024-07-09 10:30:16 - [34minfo[39m: [34mConectou ao banco com sucesso[39m
2024-07-09 10:30:16 - [34minfo[39m: [34mServer running on port 3000[39m
2024-07-09 10:30:20 - [34minfo[39m: [34mConectou ao banco com sucesso[39m
2024-07-09 10:30:20 - [34minfo[39m: [34mServer running on port 3000[39m
2024-07-09 10:30:22 - [34minfo[39m: [34mConectou ao banco com sucesso[39m
2024-07-09 10:30:22 - [34minfo[39m: [34mServer running on port 3000[39m
2024-07-09 10:30:27 - [34minfo[39m: [34mConectou ao banco com sucesso[39m
2024-07-09 10:30:27 - [34minfo[39m: [34mServer running on port 3000[39m
2024-07-09 10:30:39 - [34minfo[39m: [34mConectou ao banco com sucesso[39m
2024-07-09 10:30:39 - [34minfo[39m: [34mServer running on port 3000[39m
2024-07-09 10:30:54 - [34minfo[39m: [34mConectou ao banco com sucesso[39m
2024-07-09 10:30:54 - [34minfo[39m: [34mServer running on port 3000[39m
2024-07-09 10:31:04 - [34minfo[39m: [34mConectou ao banco com sucesso[39m
2024-07-09 10:31:04 - [34minfo[39m: [34mServer running on port 3000[39m
2024-07-09 10:31:20 - [34minfo[39m: [34mConectou ao banco com sucesso[39m
2024-07-09 10:31:20 - [34minfo[39m: [34mServer running on port 3000[39m
2024-07-09 10:31:22 - [34minfo[39m: [34mConectou ao banco com sucesso[39m
2024-07-09 10:31:22 - [34minfo[39m: [34mServer running on port 3000[39m
2024-07-09 10:31:36 - [34minfo[39m: [34mConectou ao banco com sucesso[39m
2024-07-09 10:31:36 - [34minfo[39m: [34mServer running on port 3000[39m
2024-07-09 10:32:57 - [32mhttp[39m: [32mPATCH /api/movie/66883e113b1412d3a338d2d8 200 230 - 60.532 ms[39m
[32m[39m
2024-07-09 10:33:04 - [32mhttp[39m: [32mGET /api//movie 200 1758 - 25.076 ms[39m
[32m[39m
2024-07-09 10:38:33 - [34minfo[39m: [34mConectou ao banco com sucesso[39m
2024-07-09 10:38:33 - [34minfo[39m: [34mServer running on port 3000[39m
2024-07-09 10:38:41 - [32mhttp[39m: [32mPATCH /api/movie/66883e113b1412d3a338d2d8 200 216 - 67.288 ms[39m
[32m[39m
2024-07-09 10:38:47 - [32mhttp[39m: [32mPATCH /api/movie/66883e113b1412d3a338d2d8 200 213 - 53.724 ms[39m
[32m[39m
2024-07-09 10:38:52 - [32mhttp[39m: [32mPATCH /api/movie/66883e113b1412d3a338d2d8 200 212 - 52.005 ms[39m
[32m[39m
2024-07-09 10:39:07 - [32mhttp[39m: [32mPATCH /api/movie/66883e113b1412d3a338d2d8 200 212 - 53.182 ms[39m
[32m[39m
2024-07-09 10:39:14 - [32mhttp[39m: [32mGET /api//movie 200 1744 - 26.464 ms[39m
[32m[39m
2024-07-09 10:39:31 - [34minfo[39m: [34mConectou ao banco com sucesso[39m
2024-07-09 10:39:31 - [34minfo[39m: [34mServer running on port 3000[39m
2024-07-09 10:39:43 - [34minfo[39m: [34mConectou ao banco com sucesso[39m
2024-07-09 10:39:43 - [34minfo[39m: [34mServer running on port 3000[39m
2024-07-09 10:39:48 - [34minfo[39m: [34mConectou ao banco com sucesso[39m
2024-07-09 10:39:48 - [34minfo[39m: [34mServer running on port 3000[39m
2024-07-09 10:40:00 - [32mhttp[39m: [32mPATCH /api/movie/66883e113b1412d3a338d2d8 200 212 - 64.775 ms[39m
[32m[39m
2024-07-09 10:40:08 - [32mhttp[39m: [32mPATCH /api/movie/66883e113b1412d3a338d2d8 200 212 - 56.431 ms[39m
[32m[39m
2024-07-09 10:40:17 - [32mhttp[39m: [32mPATCH /api/movie/66883e113b1412d3a338d2d8 200 202 - 55.474 ms[39m
[32m[39m
2024-07-09 10:40:45 - [34minfo[39m: [34mConectou ao banco com sucesso[39m
2024-07-09 10:40:45 - [34minfo[39m: [34mServer running on port 3000[39m
2024-07-09 10:40:48 - [32mhttp[39m: [32mPATCH /api/movie/66883e113b1412d3a338d2d8 200 212 - 65.336 ms[39m
[32m[39m
2024-07-09 10:41:18 - [32mhttp[39m: [32mPATCH /api/movie/66883e113b1412d3a338d2d8 200 212 - 50.508 ms[39m
[32m[39m
2024-07-09 10:41:23 - [32mhttp[39m: [32mPATCH /api/movie/66883e113b1412d3a338d2d8 200 213 - 52.229 ms[39m
[32m[39m
2024-07-09 10:41:28 - [32mhttp[39m: [32mGET /api//movie 200 1743 - 25.688 ms[39m
[32m[39m
2024-07-09 10:43:29 - [32mhttp[39m: [32mGET /api/movie 200 1743 - 23.825 ms[39m
[32m[39m
2024-07-09 10:47:56 - [32mhttp[39m: [32mPOST /api/movie 201 326 - 39.702 ms[39m
[32m[39m
2024-07-09 10:48:04 - [32mhttp[39m: [32mPOST /api/movie 201 305 - 28.970 ms[39m
[32m[39m
2024-07-09 10:51:48 - [34minfo[39m: [34mConectou ao banco com sucesso[39m
2024-07-09 10:51:48 - [34minfo[39m: [34mServer running on port 3000[39m
2024-07-09 10:51:54 - [32mhttp[39m: [32mPOST /api/movie 500 1651 - 7.303 ms[39m
[32m[39m
2024-07-09 10:56:28 - [34minfo[39m: [34mConectou ao banco com sucesso[39m
2024-07-09 10:56:28 - [34minfo[39m: [34mServer running on port 3000[39m
2024-07-09 10:56:35 - [34minfo[39m: [34mConectou ao banco com sucesso[39m
2024-07-09 10:56:35 - [34minfo[39m: [34mServer running on port 3000[39m
2024-07-09 10:56:41 - [34minfo[39m: [34mConectou ao banco com sucesso[39m
2024-07-09 10:56:41 - [34minfo[39m: [34mServer running on port 3000[39m
2024-07-09 10:56:45 - [34minfo[39m: [34mConectou ao banco com sucesso[39m
2024-07-09 10:56:45 - [34minfo[39m: [34mServer running on port 3000[39m
2024-07-09 10:57:18 - [34minfo[39m: [34mConectou ao banco com sucesso[39m
2024-07-09 10:57:18 - [34minfo[39m: [34mServer running on port 3000[39m
2024-07-09 10:57:20 - [34minfo[39m: [34mConectou ao banco com sucesso[39m
2024-07-09 10:57:20 - [34minfo[39m: [34mServer running on port 3000[39m
2024-07-09 10:57:28 - [32mhttp[39m: [32mPOST /api/movie 500 1651 - 6.035 ms[39m
[32m[39m
2024-07-09 10:57:42 - [32mhttp[39m: [32mPATCH /api/movie/66883e113b1412d3a338d2d8 500 1641 - 3.002 ms[39m
[32m[39m
2024-07-09 10:57:45 - [32mhttp[39m: [32mPATCH /api/movie/66883e113b1412d3a338d2d8 500 1641 - 2.239 ms[39m
[32m[39m
2024-07-09 10:57:51 - [32mhttp[39m: [32mPATCH /api/movie/66883e113b1412d3a338d2d8 500 1641 - 1.244 ms[39m
[32m[39m
2024-07-09 10:58:00 - [32mhttp[39m: [32mPATCH /api/movie/66883e113b1412d3a338d2d8 500 1641 - 1.398 ms[39m
[32m[39m
2024-07-09 10:58:10 - [32mhttp[39m: [32mPOST /api/movie 500 1651 - 1.848 ms[39m
[32m[39m
2024-07-09 11:03:09 - [34minfo[39m: [34mConectou ao banco com sucesso[39m
2024-07-09 11:03:09 - [34minfo[39m: [34mServer running on port 3000[39m
2024-07-09 11:03:19 - [32mhttp[39m: [32mPOST /api/movie 422 71 - 7.146 ms[39m
[32m[39m
2024-07-09 11:03:29 - [32mhttp[39m: [32mPOST /api/movie 201 313 - 40.556 ms[39m
[32m[39m
2024-07-09 11:03:51 - [32mhttp[39m: [32mPATCH /api/movie/668d4331a9d8d550d1bb1bcd 200 212 - 59.308 ms[39m
[32m[39m
2024-07-09 11:03:56 - [32mhttp[39m: [32mPATCH /api/movie/668d4331a9d8d550d1bb1bcd 422 55 - 0.793 ms[39m
[32m[39m
2024-07-09 11:04:01 - [32mhttp[39m: [32mPATCH /api/movie/668d4331a9d8d550d1bb1bcd 200 211 - 47.967 ms[39m
[32m[39m
